<?xml version="1.0" encoding="UTF-8"?>
<!-- Generated by org.testng.reporters.JUnitXMLReporter -->
<testsuite ignored="0" hostname="DESKTOP-87D824R" failures="0" tests="7" name="Command line test" time="9.577" errors="0" timestamp="06 нояб. 2020 13:29:25 GMT">
  <testcase classname="AutoTestJava2.SimpleTest" name="resultAdd" time="0.014"/>
  <testcase classname="AutoTestJava2.SimpleTest" name="resultAdvision" time="0.001"/>
  <testcase classname="AutoTestJava2.SimpleTest" name="resultMultiplication" time="0.001"/>
  <testcase classname="AutoTestJava2.SimpleTest" name="resultScalbl" time="0.0"/>
  <testcase classname="AutoTestJava2.SimpleTest" name="resultSqearRoot" time="0.006"/>
  <testcase classname="AutoTestJava2.SimpleTest" name="resultSubstation" time="0.001"/>
  <testcase classname="SeleniumTest" name="testSelenium" time="9.504"/>
</testsuite> <!-- Command line test -->
