<?xml version="1.0" encoding="UTF-8"?>
<!-- Generated by org.testng.reporters.JUnitXMLReporter -->
<testsuite ignored="0" hostname="DESKTOP-87D824R" failures="0" tests="6" name="Command line test" time="0.035" errors="0" timestamp="05 нояб. 2020 15:23:18 GMT">
  <testcase classname="AutoTestJava.SimpleTest" name="resultAdd" time="0.006"/>
  <testcase classname="AutoTestJava.SimpleTest" name="resultAdvision" time="0.001"/>
  <testcase classname="AutoTestJava.SimpleTest" name="resultMultiplication" time="0.001"/>
  <testcase classname="AutoTestJava.SimpleTest" name="resultScalbl" time="0.0"/>
  <testcase classname="AutoTestJava.SimpleTest" name="resultSqearRoot" time="0.0"/>
  <testcase classname="AutoTestJava.SimpleTest" name="resultSubstation" time="0.0"/>
</testsuite> <!-- Command line test -->
