<?xml version="1.0" encoding="UTF-8"?>
<!-- Generated by org.testng.reporters.JUnitXMLReporter -->
<testsuite ignored="0" hostname="DESKTOP-87D824R" failures="0" tests="6" name="Command line test" time="0.052" errors="0" timestamp="2020-11-16T15:50:51 EET">
  <testcase classname="AutoTestJava2.SimpleTest" name="resultAdd" time="0.007"/>
  <testcase classname="AutoTestJava2.SimpleTest" name="resultAdvision" time="0.001"/>
  <testcase classname="AutoTestJava2.SimpleTest" name="resultMultiplication" time="0.0"/>
  <testcase classname="AutoTestJava2.SimpleTest" name="resultScalbl" time="0.001"/>
  <testcase classname="AutoTestJava2.SimpleTest" name="resultSqearRoot" time="0.0"/>
  <testcase classname="AutoTestJava2.SimpleTest" name="resultSubstation" time="0.0"/>
</testsuite> <!-- Command line test -->
